[DEBUG][20-06-29][druid.sql.Statement]{conn-10004, pstmt-20014} Parameters : []
[DEBUG][20-06-29][druid.sql.Statement]{conn-10004, pstmt-20014} Types : []
[DEBUG][20-06-29][druid.sql.Statement]{conn-10001, pstmt-20015} created. select distinct count(*) from comments c
        where c.blog_id=? and
        c.parent_id is null
[DEBUG][20-06-29][druid.sql.ResultSet]{conn-10003, pstmt-20011, rs-50013} closed
[DEBUG][20-06-29][druid.sql.ResultSet]{conn-10005, pstmt-20009, rs-50009} Result: [17, springboot, , ss, 2020-02-24 03:07:20.0, 2020-03-20 00:07:13.0, admin, 11]
[DEBUG][20-06-29][druid.sql.Statement]{conn-10003, pstmt-20011} clearParameters. 
[DEBUG][20-06-29][druid.sql.Connection]{conn-10003} pool-recycle
[DEBUG][20-06-29][druid.sql.ResultSet]{conn-10005, pstmt-20009, rs-50009} closed
[DEBUG][20-06-29][druid.sql.Statement]{conn-10005, pstmt-20009} clearParameters. 
[DEBUG][20-06-29][druid.sql.Statement]{conn-10001, pstmt-20015} Parameters : [13]
[DEBUG][20-06-29][druid.sql.Statement]{conn-10001, pstmt-20015} Types : [VARCHAR]
[DEBUG][20-06-29][druid.sql.Connection]{conn-10005} pool-recycle
[DEBUG][20-06-29][druid.sql.Statement]{conn-10004, pstmt-20014} executed. 104.087463 millis. select distinct count(*) from blog b,comments c,user u
        where c.blog_id=b.id and c.user_id=u.id
[DEBUG][20-06-29][druid.sql.ResultSet]{conn-10004, pstmt-20014, rs-50014} open
[DEBUG][20-06-29][druid.sql.ResultSet]{conn-10004, pstmt-20014, rs-50014} Header: [count(*)]
[DEBUG][20-06-29][druid.sql.ResultSet]{conn-10004, pstmt-20014, rs-50014} Result: [49]
[DEBUG][20-06-29][druid.sql.ResultSet]{conn-10004, pstmt-20014, rs-50014} closed
[DEBUG][20-06-29][druid.sql.Statement]{conn-10004, pstmt-20014} clearParameters. 
[DEBUG][20-06-29][druid.sql.Connection]{conn-10004} pool-recycle
[DEBUG][20-06-29][druid.sql.Statement]{conn-10001, pstmt-20015} executed. 24.234201 millis. select distinct count(*) from comments c
        where c.blog_id=? and
        c.parent_id is null
[DEBUG][20-06-29][druid.sql.ResultSet]{conn-10001, pstmt-20015, rs-50015} open
[DEBUG][20-06-29][druid.sql.ResultSet]{conn-10001, pstmt-20015, rs-50015} Header: [count(*)]
[DEBUG][20-06-29][druid.sql.ResultSet]{conn-10001, pstmt-20015, rs-50015} Result: [21]
[DEBUG][20-06-29][druid.sql.ResultSet]{conn-10001, pstmt-20015, rs-50015} closed
[DEBUG][20-06-29][druid.sql.Statement]{conn-10001, pstmt-20015} clearParameters. 
[DEBUG][20-06-29][druid.sql.Connection]{conn-10001} pool-recycle
[DEBUG][20-06-29][druid.sql.Connection]{conn-10001} pool-connect
[DEBUG][20-06-29][druid.sql.Statement]{conn-10001, pstmt-20016} created. select distinct c.id id,c.content content,parent_id parentId,good,head_photo headPhoto,
        username,c.create_time createTime,replier from blog b,comments c,user u
        where c.blog_id=? and c.user_id=u.id ORDER BY c.`create_time` DESC
[DEBUG][20-06-29][druid.sql.Statement]{conn-10001, pstmt-20016} Parameters : [13]
[DEBUG][20-06-29][druid.sql.Statement]{conn-10001, pstmt-20016} Types : [VARCHAR]
[DEBUG][20-06-29][druid.sql.Statement]{conn-10001, pstmt-20016} executed. 18.172429 millis. select distinct c.id id,c.content content,parent_id parentId,good,head_photo headPhoto,
        username,c.create_time createTime,replier from blog b,comments c,user u
        where c.blog_id=? and c.user_id=u.id ORDER BY c.`create_time` DESC
[DEBUG][20-06-29][druid.sql.ResultSet]{conn-10001, pstmt-20016, rs-50016} open
[DEBUG][20-06-29][druid.sql.ResultSet]{conn-10001, pstmt-20016, rs-50016} Header: [id, content, parent_id, good, head_photo, username, create_time, replier]
[DEBUG][20-06-29][druid.sql.ResultSet]{conn-10001, pstmt-20016, rs-50016} Result: [52, dsdsdfs, null, 0, https://dss3.bdstatic.com/70cFv8Sh_Q1YnxGkpoWK1HF6hhy/it/u=1616927866,2567945831&fm=26&gp=0.jpg, feige, 2020-06-27 23:14:14.0, null]
[DEBUG][20-06-29][druid.sql.ResultSet]{conn-10001, pstmt-20016, rs-50016} Result: [51, 呵呵, null, 0, https://dss3.bdstatic.com/70cFv8Sh_Q1YnxGkpoWK1HF6hhy/it/u=1616927866,2567945831&fm=26&gp=0.jpg, sss, 2020-06-27 21:32:09.0, null]
[DEBUG][20-06-29][druid.sql.ResultSet]{conn-10001, pstmt-20016, rs-50016} Result: [50, 哈哈哈, null, 0, https://dss3.bdstatic.com/70cFv8Sh_Q1YnxGkpoWK1HF6hhy/it/u=1616927866,2567945831&fm=26&gp=0.jpg, sss, 2020-06-27 21:31:11.0, null]
[DEBUG][20-06-29][druid.sql.ResultSet]{conn-10001, pstmt-20016, rs-50016} Result: [49, 浏览, null, 0, https://dss3.bdstatic.com/70cFv8Sh_Q1YnxGkpoWK1HF6hhy/it/u=1616927866,2567945831&fm=26&gp=0.jpg, sss, 2020-06-27 21:28:24.0, null]
[DEBUG][20-06-29][druid.sql.ResultSet]{conn-10001, pstmt-20016, rs-50016} Result: [47, hahahah, null, 0, https://dss3.bdstatic.com/70cFv8Sh_Q1YnxGkpoWK1HF6hhy/it/u=1616927866,2567945831&fm=26&gp=0.jpg, sss, 2020-06-27 00:39:09.0, null]
[DEBUG][20-06-29][druid.sql.ResultSet]{conn-10001, pstmt-20016, rs-50016} Result: [46, ssssdfdfd, null, 0, https://dss3.bdstatic.com/70cFv8Sh_Q1YnxGkpoWK1HF6hhy/it/u=1616927866,2567945831&fm=26&gp=0.jpg, sss, 2020-06-26 20:52:35.0, null]
[DEBUG][20-06-29][druid.sql.ResultSet]{conn-10001, pstmt-20016, rs-50016} Result: [45, ssssddd, null, 0, https://dss3.bdstatic.com/70cFv8Sh_Q1YnxGkpoWK1HF6hhy/it/u=1616927866,2567945831&fm=26&gp=0.jpg, sss, 2020-06-26 20:51:59.0, null]
[DEBUG][20-06-29][druid.sql.ResultSet]{conn-10001, pstmt-20016, rs-50016} Result: [44, ss, null, 0, https://dss3.bdstatic.com/70cFv8Sh_Q1YnxGkpoWK1HF6hhy/it/u=1616927866,2567945831&fm=26&gp=0.jpg, sss, 2020-06-26 20:50:25.0, null]
[DEBUG][20-06-29][druid.sql.ResultSet]{conn-10001, pstmt-20016, rs-50016} Result: [43, sss, null, 0, https://dss3.bdstatic.com/70cFv8Sh_Q1YnxGkpoWK1HF6hhy/it/u=1616927866,2567945831&fm=26&gp=0.jpg, sss, 2020-06-26 20:47:51.0, null]
[DEBUG][20-06-29][druid.sql.ResultSet]{conn-10001, pstmt-20016, rs-50016} Result: [42, lll, null, 0, https://dss3.bdstatic.com/70cFv8Sh_Q1YnxGkpoWK1HF6hhy/it/u=1616927866,2567945831&fm=26&gp=0.jpg, sss, 2020-06-26 20:46:18.0, null]
[DEBUG][20-06-29][druid.sql.ResultSet]{conn-10001, pstmt-20016, rs-50016} Result: [41, dddddd, null, 0, https://dss3.bdstatic.com/70cFv8Sh_Q1YnxGkpoWK1HF6hhy/it/u=1616927866,2567945831&fm=26&gp=0.jpg, sss, 2020-06-26 20:34:29.0, null]
[DEBUG][20-06-29][druid.sql.ResultSet]{conn-10001, pstmt-20016, rs-50016} Result: [40, ddd, null, 0, https://dss3.bdstatic.com/70cFv8Sh_Q1YnxGkpoWK1HF6hhy/it/u=1616927866,2567945831&fm=26&gp=0.jpg, sss, 2020-06-26 20:34:07.0, null]
[DEBUG][20-06-29][druid.sql.ResultSet]{conn-10001, pstmt-20016, rs-50016} Result: [39, ddd, null, 0, https://dss3.bdstatic.com/70cFv8Sh_Q1YnxGkpoWK1HF6hhy/it/u=1616927866,2567945831&fm=26&gp=0.jpg, sss, 2020-06-26 20:33:05.0, null]
[DEBUG][20-06-29][druid.sql.ResultSet]{conn-10001, pstmt-20016, rs-50016} Result: [38, sssss, null, 0, https://dss3.bdstatic.com/70cFv8Sh_Q1YnxGkpoWK1HF6hhy/it/u=1616927866,2567945831&fm=26&gp=0.jpg, sss, 2020-06-26 20:32:10.0, null]
[DEBUG][20-06-29][druid.sql.ResultSet]{conn-10001, pstmt-20016, rs-50016} Result: [37, ddd, 26, 0, https://dss3.bdstatic.com/70cFv8Sh_Q1YnxGkpoWK1HF6hhy/it/u=1616927866,2567945831&fm=26&gp=0.jpg, sss, 2020-06-26 20:25:40.0, sss]
[DEBUG][20-06-29][druid.sql.ResultSet]{conn-10001, pstmt-20016, rs-50016} Result: [36, ddd, null, 0, https://dss3.bdstatic.com/70cFv8Sh_Q1YnxGkpoWK1HF6hhy/it/u=1616927866,2567945831&fm=26&gp=0.jpg, sss, 2020-06-26 20:24:00.0, null]
[DEBUG][20-06-29][druid.sql.ResultSet]{conn-10001, pstmt-20016, rs-50016} Result: [35, rr, null, 0, https://dss3.bdstatic.com/70cFv8Sh_Q1YnxGkpoWK1HF6hhy/it/u=1616927866,2567945831&fm=26&gp=0.jpg, sss, 2020-06-26 20:13:33.0, null]
[DEBUG][20-06-29][druid.sql.ResultSet]{conn-10001, pstmt-20016, rs-50016} Result: [33, 啦啦啦啦, null, 0, https://dss3.bdstatic.com/70cFv8Sh_Q1YnxGkpoWK1HF6hhy/it/u=1616927866,2567945831&fm=26&gp=0.jpg, sss, 2020-06-26 18:47:58.0, null]
[DEBUG][20-06-29][druid.sql.ResultSet]{conn-10001, pstmt-20016, rs-50016} Result: [34, 啦啦啦啦, null, 0, https://dss3.bdstatic.com/70cFv8Sh_Q1YnxGkpoWK1HF6hhy/it/u=1616927866,2567945831&fm=26&gp=0.jpg, sss, 2020-06-26 18:47:58.0, null]
[DEBUG][20-06-29][druid.sql.ResultSet]{conn-10001, pstmt-20016, rs-50016} Result: [32, <p>feige</p>, null, 0, https://dss3.bdstatic.com/70cFv8Sh_Q1YnxGkpoWK1HF6hhy/it/u=1616927866,2567945831&fm=26&gp=0.jpg, sss, 2020-03-06 01:33:26.0, null]
[DEBUG][20-06-29][druid.sql.ResultSet]{conn-10001, pstmt-20016, rs-50016} Result: [31, 不用谢, 29, 0, https://dss3.bdstatic.com/70cFv8Sh_Q1YnxGkpoWK1HF6hhy/it/u=1616927866,2567945831&fm=26&gp=0.jpg, sss, 2020-03-06 00:47:01.0, sss]
[DEBUG][20-06-29][druid.sql.ResultSet]{conn-10001, pstmt-20016, rs-50016} Result: [30, 谢谢, 29, 0, https://dss3.bdstatic.com/70cFv8Sh_Q1YnxGkpoWK1HF6hhy/it/u=1616927866,2567945831&fm=26&gp=0.jpg, sss, 2020-03-06 00:45:43.0, sss]
[DEBUG][20-06-29][druid.sql.ResultSet]{conn-10001, pstmt-20016, rs-50016} Result: [29, 太好了, null, 0, https://dss3.bdstatic.com/70cFv8Sh_Q1YnxGkpoWK1HF6hhy/it/u=1616927866,2567945831&fm=26&gp=0.jpg, sss, 2020-03-06 00:45:13.0, null]
[DEBUG][20-06-29][druid.sql.ResultSet]{conn-10001, pstmt-20016, rs-50016} Result: [28, 谢了, 26, 0, https://dss3.bdstatic.com/70cFv8Sh_Q1YnxGkpoWK1HF6hhy/it/u=1616927866,2567945831&fm=26&gp=0.jpg, sss, 2020-03-06 00:43:03.0, sss]
[DEBUG][20-06-29][druid.sql.ResultSet]{conn-10001, pstmt-20016, rs-50016} Result: [27, 谢了, 26, 0, https://dss3.bdstatic.com/70cFv8Sh_Q1YnxGkpoWK1HF6hhy/it/u=1616927866,2567945831&fm=26&gp=0.jpg, sss, 2020-03-06 00:42:56.0, sss]
[DEBUG][20-06-29][druid.sql.ResultSet]{conn-10001, pstmt-20016, rs-50016} Result: [26, 好好, null, 0, https://dss3.bdstatic.com/70cFv8Sh_Q1YnxGkpoWK1HF6hhy/it/u=1616927866,2567945831&fm=26&gp=0.jpg, sss, 2020-03-06 00:42:35.0, null]
[DEBUG][20-06-29][druid.sql.ResultSet]{conn-10001, pstmt-20016, rs-50016} closed
[DEBUG][20-06-29][druid.sql.Statement]{conn-10001, pstmt-20016} clearParameters. 
[DEBUG][20-06-29][druid.sql.Connection]{conn-10001} pool-recycle
